Determining if the pthread_create exist failed with the following output:
Change Dir: /home/dan/Desktop/speaker_detection/speaker_recoginition/ros_ws/build/CMakeFiles/CMakeTmp

Run Build Command:/usr/bin/make "cmTryCompileExec1653153491/fast"
/usr/bin/make -f CMakeFiles/cmTryCompileExec1653153491.dir/build.make CMakeFiles/cmTryCompileExec1653153491.dir/build
make[1]: Entering directory `/home/dan/Desktop/speaker_detection/speaker_recoginition/ros_ws/build/CMakeFiles/CMakeTmp'
/usr/bin/cmake -E cmake_progress_report /home/dan/Desktop/speaker_detection/speaker_recoginition/ros_ws/build/CMakeFiles/CMakeTmp/CMakeFiles 1
Building C object CMakeFiles/cmTryCompileExec1653153491.dir/CheckSymbolExists.c.o
/usr/bin/cc    -o CMakeFiles/cmTryCompileExec1653153491.dir/CheckSymbolExists.c.o   -c /home/dan/Desktop/speaker_detection/speaker_recoginition/ros_ws/build/CMakeFiles/CMakeTmp/CheckSymbolExists.c
Linking C executable cmTryCompileExec1653153491
/usr/bin/cmake -E cmake_link_script CMakeFiles/cmTryCompileExec1653153491.dir/link.txt --verbose=1
/usr/bin/cc       CMakeFiles/cmTryCompileExec1653153491.dir/CheckSymbolExists.c.o  -o cmTryCompileExec1653153491 -rdynamic 
CMakeFiles/cmTryCompileExec1653153491.dir/CheckSymbolExists.c.o: In function `main':
CheckSymbolExists.c:(.text+0x16): undefined reference to `pthread_create'
collect2: error: ld returned 1 exit status
make[1]: *** [cmTryCompileExec1653153491] Error 1
make[1]: Leaving directory `/home/dan/Desktop/speaker_detection/speaker_recoginition/ros_ws/build/CMakeFiles/CMakeTmp'
make: *** [cmTryCompileExec1653153491/fast] Error 2

File /home/dan/Desktop/speaker_detection/speaker_recoginition/ros_ws/build/CMakeFiles/CMakeTmp/CheckSymbolExists.c:
/* */
#include <pthread.h>

int main(int argc, char** argv)
{
  (void)argv;
#ifndef pthread_create
  return ((int*)(&pthread_create))[argc];
#else
  (void)argc;
  return 0;
#endif
}

Determining if the function pthread_create exists in the pthreads failed with the following output:
Change Dir: /home/dan/Desktop/speaker_detection/speaker_recoginition/ros_ws/build/CMakeFiles/CMakeTmp

Run Build Command:/usr/bin/make "cmTryCompileExec3808330817/fast"
/usr/bin/make -f CMakeFiles/cmTryCompileExec3808330817.dir/build.make CMakeFiles/cmTryCompileExec3808330817.dir/build
make[1]: Entering directory `/home/dan/Desktop/speaker_detection/speaker_recoginition/ros_ws/build/CMakeFiles/CMakeTmp'
/usr/bin/cmake -E cmake_progress_report /home/dan/Desktop/speaker_detection/speaker_recoginition/ros_ws/build/CMakeFiles/CMakeTmp/CMakeFiles 1
Building C object CMakeFiles/cmTryCompileExec3808330817.dir/CheckFunctionExists.c.o
/usr/bin/cc   -DCHECK_FUNCTION_EXISTS=pthread_create   -o CMakeFiles/cmTryCompileExec3808330817.dir/CheckFunctionExists.c.o   -c /usr/share/cmake-2.8/Modules/CheckFunctionExists.c
Linking C executable cmTryCompileExec3808330817
/usr/bin/cmake -E cmake_link_script CMakeFiles/cmTryCompileExec3808330817.dir/link.txt --verbose=1
/usr/bin/cc   -DCHECK_FUNCTION_EXISTS=pthread_create    CMakeFiles/cmTryCompileExec3808330817.dir/CheckFunctionExists.c.o  -o cmTryCompileExec3808330817 -rdynamic -lpthreads 
/usr/bin/ld: cannot find -lpthreads
collect2: error: ld returned 1 exit status
make[1]: *** [cmTryCompileExec3808330817] Error 1
make[1]: Leaving directory `/home/dan/Desktop/speaker_detection/speaker_recoginition/ros_ws/build/CMakeFiles/CMakeTmp'
make: *** [cmTryCompileExec3808330817/fast] Error 2


